2022-11-30 23:58:25 [background-preinit] INFO  o.h.validator.internal.util.Version - HV000001: Hibernate Validator 6.2.0.Final
2022-11-30 23:58:26 [background-preinit] INFO  o.h.validator.internal.util.Version - HV000001: Hibernate Validator 6.2.0.Final
2022-11-30 23:58:31 [background-preinit] WARN  o.s.h.c.j.Jackson2ObjectMapperBuilder - For Jackson Kotlin classes support please add "com.fasterxml.jackson.module:jackson-module-kotlin" to the classpath
2022-11-30 23:58:32 [main] INFO  o.s.c.c.c.ConfigServicePropertySourceLocator - Fetching config from server at : http://config-server:8888
2022-11-30 23:58:32 [background-preinit] WARN  o.s.h.c.j.Jackson2ObjectMapperBuilder - For Jackson Kotlin classes support please add "com.fasterxml.jackson.module:jackson-module-kotlin" to the classpath
2022-11-30 23:58:33 [main] INFO  o.s.c.c.c.ConfigServicePropertySourceLocator - Fetching config from server at : http://config-server:8888
2022-11-30 23:58:34 [main] INFO  o.s.c.c.c.ConfigServicePropertySourceLocator - Located environment: name=elastic-query-service,config-client, profiles=[elastic_query], label=null, version=330e8c829975e9724ef76b4654ce17b699177db2, state=null
2022-11-30 23:58:34 [main] INFO  o.s.c.b.c.PropertySourceBootstrapConfiguration - Located property source: [BootstrapPropertySource {name='bootstrapProperties-configClient'}, BootstrapPropertySource {name='bootstrapProperties-https://github.com/spokhyan/spring-cloud-config-server-repo.git/config-client-elastic_query.yml'}, BootstrapPropertySource {name='bootstrapProperties-https://github.com/spokhyan/spring-cloud-config-server-repo.git/config-client.yml'}]
2022-11-30 23:58:34 [main] INFO  c.t.e.e.q.ElasticQueryServiceApplication - The following profiles are active: elastic_query
2022-11-30 23:58:34 [main] INFO  o.s.c.c.c.ConfigServicePropertySourceLocator - Located environment: name=elastic-query-service,config-client, profiles=[elastic_query], label=null, version=330e8c829975e9724ef76b4654ce17b699177db2, state=null
2022-11-30 23:58:35 [main] INFO  o.s.c.b.c.PropertySourceBootstrapConfiguration - Located property source: [BootstrapPropertySource {name='bootstrapProperties-configClient'}, BootstrapPropertySource {name='bootstrapProperties-https://github.com/spokhyan/spring-cloud-config-server-repo.git/config-client-elastic_query.yml'}, BootstrapPropertySource {name='bootstrapProperties-https://github.com/spokhyan/spring-cloud-config-server-repo.git/config-client.yml'}]
2022-11-30 23:58:35 [main] INFO  c.t.e.e.q.ElasticQueryServiceApplication - The following profiles are active: elastic_query
2022-11-30 23:58:36 [main] INFO  o.s.d.r.c.RepositoryConfigurationDelegate - Bootstrapping Spring Data Elasticsearch repositories in DEFAULT mode.
2022-11-30 23:58:36 [main] INFO  o.s.d.r.c.RepositoryConfigurationDelegate - Bootstrapping Spring Data Elasticsearch repositories in DEFAULT mode.
2022-11-30 23:58:37 [main] INFO  o.s.d.r.c.RepositoryConfigurationDelegate - Finished Spring Data repository scanning in 635 ms. Found 2 Elasticsearch repository interfaces.
2022-11-30 23:58:37 [main] INFO  o.s.d.r.c.RepositoryConfigurationDelegate - Finished Spring Data repository scanning in 660 ms. Found 2 Elasticsearch repository interfaces.
2022-11-30 23:58:37 [main] INFO  o.s.d.r.c.RepositoryConfigurationDelegate - Bootstrapping Spring Data Reactive Elasticsearch repositories in DEFAULT mode.
2022-11-30 23:58:37 [main] INFO  o.s.d.r.c.RepositoryConfigurationDelegate - Finished Spring Data repository scanning in 7 ms. Found 0 Reactive Elasticsearch repository interfaces.
2022-11-30 23:58:37 [main] INFO  o.s.d.r.c.RepositoryConfigurationDelegate - Bootstrapping Spring Data Reactive Elasticsearch repositories in DEFAULT mode.
2022-11-30 23:58:37 [main] INFO  o.s.d.r.c.RepositoryConfigurationDelegate - Finished Spring Data repository scanning in 12 ms. Found 0 Reactive Elasticsearch repository interfaces.
2022-11-30 23:58:38 [main] INFO  o.s.cloud.context.scope.GenericScope - BeanFactory id=742a2c1f-0380-3f81-836c-2da2d8888c72
2022-11-30 23:58:38 [main] INFO  o.s.cloud.context.scope.GenericScope - BeanFactory id=742a2c1f-0380-3f81-836c-2da2d8888c72
2022-11-30 23:58:39 [main] INFO  o.s.b.w.e.tomcat.TomcatWebServer - Tomcat initialized with port(s): 8183 (http)
2022-11-30 23:58:39 [main] INFO  o.a.coyote.http11.Http11NioProtocol - Initializing ProtocolHandler ["http-nio-8183"]
2022-11-30 23:58:39 [main] INFO  o.a.catalina.core.StandardService - Starting service [Tomcat]
2022-11-30 23:58:39 [main] INFO  o.a.catalina.core.StandardEngine - Starting Servlet engine: [Apache Tomcat/9.0.46]
2022-11-30 23:58:39 [main] INFO  o.s.b.w.e.tomcat.TomcatWebServer - Tomcat initialized with port(s): 8185 (http)
2022-11-30 23:58:39 [main] INFO  o.a.coyote.http11.Http11NioProtocol - Initializing ProtocolHandler ["http-nio-8185"]
2022-11-30 23:58:39 [main] INFO  o.a.catalina.core.StandardService - Starting service [Tomcat]
2022-11-30 23:58:39 [main] INFO  o.a.catalina.core.StandardEngine - Starting Servlet engine: [Apache Tomcat/9.0.46]
2022-11-30 23:58:39 [main] INFO  o.a.c.c.C.[.[.[/elastic-query-service] - Initializing Spring embedded WebApplicationContext
2022-11-30 23:58:39 [main] INFO  o.s.b.w.s.c.ServletWebServerApplicationContext - Root WebApplicationContext: initialization completed in 4771 ms
2022-11-30 23:58:40 [main] INFO  o.a.c.c.C.[.[.[/elastic-query-service] - Initializing Spring embedded WebApplicationContext
2022-11-30 23:58:40 [main] INFO  o.s.b.w.s.c.ServletWebServerApplicationContext - Root WebApplicationContext: initialization completed in 5277 ms
2022-11-30 23:58:40 [main] INFO  c.t.e.e.config.ElasticSearchConfig - Inside ElasticSearchConfig Constructor ...
2022-11-30 23:58:40 [main] INFO  c.t.e.e.config.ElasticSearchConfig - Inside ElasticSearchConfig Constructor ... exiting
2022-11-30 23:58:40 [main] INFO  c.t.e.e.config.ElasticSearchConfig - Inside ElasticSearchConfig Constructor ...
2022-11-30 23:58:40 [main] INFO  c.t.e.e.config.ElasticSearchConfig - Inside ElasticSearchConfig Constructor ... exiting
2022-11-30 23:58:41 [main] INFO  c.t.e.e.config.ElasticSearchConfig - RestHighLevelClient.serverUri http://elastic-1:9200
2022-11-30 23:58:41 [main] INFO  c.t.e.e.config.ElasticSearchConfig - RestHighLevelClient.serverUri http://elastic-1:9200
2022-11-30 23:58:42 [main] WARN  org.elasticsearch.client.RestClient - request [GET http://elastic-1:9200/] returned 1 warnings: [299 Elasticsearch-7.13.2-4d960a0733be83dd2543ca018aa4ddc42e956800 "Elasticsearch built-in security features are not enabled. Without authentication, your cluster could be accessible to anyone. See https://www.elastic.co/guide/en/elasticsearch/reference/7.13/security-minimal-setup.html to enable security."]
2022-11-30 23:58:42 [main] WARN  org.elasticsearch.client.RestClient - request [GET http://elastic-1:9200/] returned 1 warnings: [299 Elasticsearch-7.13.2-4d960a0733be83dd2543ca018aa4ddc42e956800 "Elasticsearch built-in security features are not enabled. Without authentication, your cluster could be accessible to anyone. See https://www.elastic.co/guide/en/elasticsearch/reference/7.13/security-minimal-setup.html to enable security."]
2022-11-30 23:58:43 [main] INFO  o.s.d.e.support.VersionInfo - Version Spring Data Elasticsearch: 4.2.1
2022-11-30 23:58:43 [main] INFO  o.s.d.e.support.VersionInfo - Version Elasticsearch Client in build: 7.12.1
2022-11-30 23:58:43 [main] INFO  o.s.d.e.support.VersionInfo - Version Elasticsearch Client used: 7.13.2
2022-11-30 23:58:43 [main] WARN  o.s.d.e.support.VersionInfo - Version mismatch in between Elasticsearch Clients build/use: 7.12.1 - 7.13.2
2022-11-30 23:58:43 [main] INFO  o.s.d.e.support.VersionInfo - Version Elasticsearch cluster: 7.13.2
2022-11-30 23:58:43 [main] INFO  o.s.d.e.support.VersionInfo - Version Spring Data Elasticsearch: 4.2.1
2022-11-30 23:58:43 [main] INFO  o.s.d.e.support.VersionInfo - Version Elasticsearch Client in build: 7.12.1
2022-11-30 23:58:43 [main] INFO  o.s.d.e.support.VersionInfo - Version Elasticsearch Client used: 7.13.2
2022-11-30 23:58:43 [main] WARN  o.s.d.e.support.VersionInfo - Version mismatch in between Elasticsearch Clients build/use: 7.12.1 - 7.13.2
2022-11-30 23:58:43 [main] INFO  o.s.d.e.support.VersionInfo - Version Elasticsearch cluster: 7.13.2
2022-11-30 23:58:43 [main] WARN  org.elasticsearch.client.RestClient - request [HEAD http://elastic-1:9200/twitter-index?ignore_throttled=false&ignore_unavailable=false&expand_wildcards=open%2Cclosed&allow_no_indices=false] returned 1 warnings: [299 Elasticsearch-7.13.2-4d960a0733be83dd2543ca018aa4ddc42e956800 "Elasticsearch built-in security features are not enabled. Without authentication, your cluster could be accessible to anyone. See https://www.elastic.co/guide/en/elasticsearch/reference/7.13/security-minimal-setup.html to enable security."]
2022-11-30 23:58:43 [main] WARN  org.elasticsearch.client.RestClient - request [HEAD http://elastic-1:9200/twitter-index?ignore_throttled=false&ignore_unavailable=false&expand_wildcards=open%2Cclosed&allow_no_indices=false] returned 1 warnings: [299 Elasticsearch-7.13.2-4d960a0733be83dd2543ca018aa4ddc42e956800 "Elasticsearch built-in security features are not enabled. Without authentication, your cluster could be accessible to anyone. See https://www.elastic.co/guide/en/elasticsearch/reference/7.13/security-minimal-setup.html to enable security."]
2022-11-30 23:58:45 [main] WARN  org.elasticsearch.client.RestClient - request [PUT http://elastic-1:9200/twitter-index?master_timeout=30s&timeout=30s] returned 1 warnings: [299 Elasticsearch-7.13.2-4d960a0733be83dd2543ca018aa4ddc42e956800 "Elasticsearch built-in security features are not enabled. Without authentication, your cluster could be accessible to anyone. See https://www.elastic.co/guide/en/elasticsearch/reference/7.13/security-minimal-setup.html to enable security."]
2022-11-30 23:58:45 [main] WARN  org.elasticsearch.client.RestClient - request [PUT http://elastic-1:9200/twitter-index?master_timeout=30s&timeout=30s] returned 1 warnings: [299 Elasticsearch-7.13.2-4d960a0733be83dd2543ca018aa4ddc42e956800 "Elasticsearch built-in security features are not enabled. Without authentication, your cluster could be accessible to anyone. See https://www.elastic.co/guide/en/elasticsearch/reference/7.13/security-minimal-setup.html to enable security."]
2022-11-30 23:58:45 [main] WARN  o.s.b.w.s.c.AnnotationConfigServletWebServerApplicationContext - Exception encountered during context initialization - cancelling refresh attempt: org.springframework.beans.factory.UnsatisfiedDependencyException: Error creating bean with name 'elasticDocumentController' defined in file [/workspace/BOOT-INF/classes/com/techbytes/ed/elastic/query/controller/ElasticDocumentController.class]: Unsatisfied dependency expressed through constructor parameter 0; nested exception is org.springframework.beans.factory.UnsatisfiedDependencyException: Error creating bean with name 'twitterElasticQueryService' defined in file [/workspace/BOOT-INF/classes/com/techbytes/ed/elastic/query/service/impl/TwitterElasticQueryService.class]: Unsatisfied dependency expressed through constructor parameter 1; nested exception is org.springframework.beans.factory.UnsatisfiedDependencyException: Error creating bean with name 'twitterElasticRepositoryQueryClient' defined in URL [jar:file:/workspace/BOOT-INF/lib/elastic-query-client-0.0.1-SNAPSHOT.jar!/com/techbytes/ed/elastic/query/client/service/impl/TwitterElasticRepositoryQueryClient.class]: Unsatisfied dependency expressed through constructor parameter 0; nested exception is org.springframework.beans.factory.BeanCreationException: Error creating bean with name 'twitterElasticsearchQueryRepository' defined in com.techbytes.ed.elastic.query.client.repo.TwitterElasticsearchQueryRepository defined in @EnableElasticsearchRepositories declared on ElasticSearchConfig: Invocation of init method failed; nested exception is org.springframework.beans.BeanInstantiationException: Failed to instantiate [org.springframework.data.elasticsearch.repository.support.SimpleElasticsearchRepository]: Constructor threw exception; nested exception is org.springframework.data.elasticsearch.UncategorizedElasticsearchException: Elasticsearch exception [type=resource_already_exists_exception, reason=index [twitter-index/Ej3pro9aQvukLQrap1rFfg] already exists]; nested exception is [twitter-index/Ej3pro9aQvukLQrap1rFfg] ElasticsearchStatusException[Elasticsearch exception [type=resource_already_exists_exception, reason=index [twitter-index/Ej3pro9aQvukLQrap1rFfg] already exists]]
2022-11-30 23:58:45 [main] INFO  o.a.catalina.core.StandardService - Stopping service [Tomcat]
2022-11-30 23:58:45 [main] INFO  o.s.b.a.l.ConditionEvaluationReportLoggingListener - 

Error starting ApplicationContext. To display the conditions report re-run your application with 'debug' enabled.
2022-11-30 23:58:45 [main] ERROR o.s.boot.SpringApplication - Application run failed
org.springframework.beans.factory.UnsatisfiedDependencyException: Error creating bean with name 'elasticDocumentController' defined in file [/workspace/BOOT-INF/classes/com/techbytes/ed/elastic/query/controller/ElasticDocumentController.class]: Unsatisfied dependency expressed through constructor parameter 0; nested exception is org.springframework.beans.factory.UnsatisfiedDependencyException: Error creating bean with name 'twitterElasticQueryService' defined in file [/workspace/BOOT-INF/classes/com/techbytes/ed/elastic/query/service/impl/TwitterElasticQueryService.class]: Unsatisfied dependency expressed through constructor parameter 1; nested exception is org.springframework.beans.factory.UnsatisfiedDependencyException: Error creating bean with name 'twitterElasticRepositoryQueryClient' defined in URL [jar:file:/workspace/BOOT-INF/lib/elastic-query-client-0.0.1-SNAPSHOT.jar!/com/techbytes/ed/elastic/query/client/service/impl/TwitterElasticRepositoryQueryClient.class]: Unsatisfied dependency expressed through constructor parameter 0; nested exception is org.springframework.beans.factory.BeanCreationException: Error creating bean with name 'twitterElasticsearchQueryRepository' defined in com.techbytes.ed.elastic.query.client.repo.TwitterElasticsearchQueryRepository defined in @EnableElasticsearchRepositories declared on ElasticSearchConfig: Invocation of init method failed; nested exception is org.springframework.beans.BeanInstantiationException: Failed to instantiate [org.springframework.data.elasticsearch.repository.support.SimpleElasticsearchRepository]: Constructor threw exception; nested exception is org.springframework.data.elasticsearch.UncategorizedElasticsearchException: Elasticsearch exception [type=resource_already_exists_exception, reason=index [twitter-index/Ej3pro9aQvukLQrap1rFfg] already exists]; nested exception is [twitter-index/Ej3pro9aQvukLQrap1rFfg] ElasticsearchStatusException[Elasticsearch exception [type=resource_already_exists_exception, reason=index [twitter-index/Ej3pro9aQvukLQrap1rFfg] already exists]]
	at org.springframework.beans.factory.support.ConstructorResolver.createArgumentArray(ConstructorResolver.java:800)
	at org.springframework.beans.factory.support.ConstructorResolver.autowireConstructor(ConstructorResolver.java:229)
	at org.springframework.beans.factory.support.AbstractAutowireCapableBeanFactory.autowireConstructor(AbstractAutowireCapableBeanFactory.java:1354)
	at org.springframework.beans.factory.support.AbstractAutowireCapableBeanFactory.createBeanInstance(AbstractAutowireCapableBeanFactory.java:1204)
	at org.springframework.beans.factory.support.AbstractAutowireCapableBeanFactory.doCreateBean(AbstractAutowireCapableBeanFactory.java:564)
	at org.springframework.beans.factory.support.AbstractAutowireCapableBeanFactory.createBean(AbstractAutowireCapableBeanFactory.java:524)
	at org.springframework.beans.factory.support.AbstractBeanFactory.lambda$doGetBean$0(AbstractBeanFactory.java:335)
	at org.springframework.beans.factory.support.DefaultSingletonBeanRegistry.getSingleton(DefaultSingletonBeanRegistry.java:234)
	at org.springframework.beans.factory.support.AbstractBeanFactory.doGetBean(AbstractBeanFactory.java:333)
	at org.springframework.beans.factory.support.AbstractBeanFactory.getBean(AbstractBeanFactory.java:208)
	at org.springframework.beans.factory.support.DefaultListableBeanFactory.preInstantiateSingletons(DefaultListableBeanFactory.java:944)
	at org.springframework.context.support.AbstractApplicationContext.finishBeanFactoryInitialization(AbstractApplicationContext.java:918)
	at org.springframework.context.support.AbstractApplicationContext.refresh(AbstractApplicationContext.java:583)
	at org.springframework.boot.web.servlet.context.ServletWebServerApplicationContext.refresh(ServletWebServerApplicationContext.java:145)
	at org.springframework.boot.SpringApplication.refresh(SpringApplication.java:758)
	at org.springframework.boot.SpringApplication.refreshContext(SpringApplication.java:438)
	at org.springframework.boot.SpringApplication.run(SpringApplication.java:337)
	at org.springframework.boot.SpringApplication.run(SpringApplication.java:1336)
	at org.springframework.boot.SpringApplication.run(SpringApplication.java:1325)
	at com.techbytes.ed.elastic.query.ElasticQueryServiceApplication.main(ElasticQueryServiceApplication.java:11)
	at java.base/jdk.internal.reflect.NativeMethodAccessorImpl.invoke0(Native Method)
	at java.base/jdk.internal.reflect.NativeMethodAccessorImpl.invoke(Unknown Source)
	at java.base/jdk.internal.reflect.DelegatingMethodAccessorImpl.invoke(Unknown Source)
	at java.base/java.lang.reflect.Method.invoke(Unknown Source)
	at org.springframework.boot.loader.MainMethodRunner.run(MainMethodRunner.java:49)
	at org.springframework.boot.loader.Launcher.launch(Launcher.java:108)
	at org.springframework.boot.loader.Launcher.launch(Launcher.java:58)
	at org.springframework.boot.loader.JarLauncher.main(JarLauncher.java:88)
Caused by: org.springframework.beans.factory.UnsatisfiedDependencyException: Error creating bean with name 'twitterElasticQueryService' defined in file [/workspace/BOOT-INF/classes/com/techbytes/ed/elastic/query/service/impl/TwitterElasticQueryService.class]: Unsatisfied dependency expressed through constructor parameter 1; nested exception is org.springframework.beans.factory.UnsatisfiedDependencyException: Error creating bean with name 'twitterElasticRepositoryQueryClient' defined in URL [jar:file:/workspace/BOOT-INF/lib/elastic-query-client-0.0.1-SNAPSHOT.jar!/com/techbytes/ed/elastic/query/client/service/impl/TwitterElasticRepositoryQueryClient.class]: Unsatisfied dependency expressed through constructor parameter 0; nested exception is org.springframework.beans.factory.BeanCreationException: Error creating bean with name 'twitterElasticsearchQueryRepository' defined in com.techbytes.ed.elastic.query.client.repo.TwitterElasticsearchQueryRepository defined in @EnableElasticsearchRepositories declared on ElasticSearchConfig: Invocation of init method failed; nested exception is org.springframework.beans.BeanInstantiationException: Failed to instantiate [org.springframework.data.elasticsearch.repository.support.SimpleElasticsearchRepository]: Constructor threw exception; nested exception is org.springframework.data.elasticsearch.UncategorizedElasticsearchException: Elasticsearch exception [type=resource_already_exists_exception, reason=index [twitter-index/Ej3pro9aQvukLQrap1rFfg] already exists]; nested exception is [twitter-index/Ej3pro9aQvukLQrap1rFfg] ElasticsearchStatusException[Elasticsearch exception [type=resource_already_exists_exception, reason=index [twitter-index/Ej3pro9aQvukLQrap1rFfg] already exists]]
	at org.springframework.beans.factory.support.ConstructorResolver.createArgumentArray(ConstructorResolver.java:800)
	at org.springframework.beans.factory.support.ConstructorResolver.autowireConstructor(ConstructorResolver.java:229)
	at org.springframework.beans.factory.support.AbstractAutowireCapableBeanFactory.autowireConstructor(AbstractAutowireCapableBeanFactory.java:1354)
	at org.springframework.beans.factory.support.AbstractAutowireCapableBeanFactory.createBeanInstance(AbstractAutowireCapableBeanFactory.java:1204)
	at org.springframework.beans.factory.support.AbstractAutowireCapableBeanFactory.doCreateBean(AbstractAutowireCapableBeanFactory.java:564)
	at org.springframework.beans.factory.support.AbstractAutowireCapableBeanFactory.createBean(AbstractAutowireCapableBeanFactory.java:524)
	at org.springframework.beans.factory.support.AbstractBeanFactory.lambda$doGetBean$0(AbstractBeanFactory.java:335)
	at org.springframework.beans.factory.support.DefaultSingletonBeanRegistry.getSingleton(DefaultSingletonBeanRegistry.java:234)
	at org.springframework.beans.factory.support.AbstractBeanFactory.doGetBean(AbstractBeanFactory.java:333)
	at org.springframework.beans.factory.support.AbstractBeanFactory.getBean(AbstractBeanFactory.java:208)
	at org.springframework.beans.factory.config.DependencyDescriptor.resolveCandidate(DependencyDescriptor.java:276)
	at org.springframework.beans.factory.support.DefaultListableBeanFactory.doResolveDependency(DefaultListableBeanFactory.java:1380)
	at org.springframework.beans.factory.support.DefaultListableBeanFactory.resolveDependency(DefaultListableBeanFactory.java:1300)
	at org.springframework.beans.factory.support.ConstructorResolver.resolveAutowiredArgument(ConstructorResolver.java:887)
	at org.springframework.beans.factory.support.ConstructorResolver.createArgumentArray(ConstructorResolver.java:791)
	... 27 common frames omitted
Caused by: org.springframework.beans.factory.UnsatisfiedDependencyException: Error creating bean with name 'twitterElasticRepositoryQueryClient' defined in URL [jar:file:/workspace/BOOT-INF/lib/elastic-query-client-0.0.1-SNAPSHOT.jar!/com/techbytes/ed/elastic/query/client/service/impl/TwitterElasticRepositoryQueryClient.class]: Unsatisfied dependency expressed through constructor parameter 0; nested exception is org.springframework.beans.factory.BeanCreationException: Error creating bean with name 'twitterElasticsearchQueryRepository' defined in com.techbytes.ed.elastic.query.client.repo.TwitterElasticsearchQueryRepository defined in @EnableElasticsearchRepositories declared on ElasticSearchConfig: Invocation of init method failed; nested exception is org.springframework.beans.BeanInstantiationException: Failed to instantiate [org.springframework.data.elasticsearch.repository.support.SimpleElasticsearchRepository]: Constructor threw exception; nested exception is org.springframework.data.elasticsearch.UncategorizedElasticsearchException: Elasticsearch exception [type=resource_already_exists_exception, reason=index [twitter-index/Ej3pro9aQvukLQrap1rFfg] already exists]; nested exception is [twitter-index/Ej3pro9aQvukLQrap1rFfg] ElasticsearchStatusException[Elasticsearch exception [type=resource_already_exists_exception, reason=index [twitter-index/Ej3pro9aQvukLQrap1rFfg] already exists]]
	at org.springframework.beans.factory.support.ConstructorResolver.createArgumentArray(ConstructorResolver.java:800)
	at org.springframework.beans.factory.support.ConstructorResolver.autowireConstructor(ConstructorResolver.java:229)
	at org.springframework.beans.factory.support.AbstractAutowireCapableBeanFactory.autowireConstructor(AbstractAutowireCapableBeanFactory.java:1354)
	at org.springframework.beans.factory.support.AbstractAutowireCapableBeanFactory.createBeanInstance(AbstractAutowireCapableBeanFactory.java:1204)
	at org.springframework.beans.factory.support.AbstractAutowireCapableBeanFactory.doCreateBean(AbstractAutowireCapableBeanFactory.java:564)
	at org.springframework.beans.factory.support.AbstractAutowireCapableBeanFactory.createBean(AbstractAutowireCapableBeanFactory.java:524)
	at org.springframework.beans.factory.support.AbstractBeanFactory.lambda$doGetBean$0(AbstractBeanFactory.java:335)
	at org.springframework.beans.factory.support.DefaultSingletonBeanRegistry.getSingleton(DefaultSingletonBeanRegistry.java:234)
	at org.springframework.beans.factory.support.AbstractBeanFactory.doGetBean(AbstractBeanFactory.java:333)
	at org.springframework.beans.factory.support.AbstractBeanFactory.getBean(AbstractBeanFactory.java:208)
	at org.springframework.beans.factory.config.DependencyDescriptor.resolveCandidate(DependencyDescriptor.java:276)
	at org.springframework.beans.factory.support.DefaultListableBeanFactory.doResolveDependency(DefaultListableBeanFactory.java:1380)
	at org.springframework.beans.factory.support.DefaultListableBeanFactory.resolveDependency(DefaultListableBeanFactory.java:1300)
	at org.springframework.beans.factory.support.ConstructorResolver.resolveAutowiredArgument(ConstructorResolver.java:887)
	at org.springframework.beans.factory.support.ConstructorResolver.createArgumentArray(ConstructorResolver.java:791)
	... 41 common frames omitted
Caused by: org.springframework.beans.factory.BeanCreationException: Error creating bean with name 'twitterElasticsearchQueryRepository' defined in com.techbytes.ed.elastic.query.client.repo.TwitterElasticsearchQueryRepository defined in @EnableElasticsearchRepositories declared on ElasticSearchConfig: Invocation of init method failed; nested exception is org.springframework.beans.BeanInstantiationException: Failed to instantiate [org.springframework.data.elasticsearch.repository.support.SimpleElasticsearchRepository]: Constructor threw exception; nested exception is org.springframework.data.elasticsearch.UncategorizedElasticsearchException: Elasticsearch exception [type=resource_already_exists_exception, reason=index [twitter-index/Ej3pro9aQvukLQrap1rFfg] already exists]; nested exception is [twitter-index/Ej3pro9aQvukLQrap1rFfg] ElasticsearchStatusException[Elasticsearch exception [type=resource_already_exists_exception, reason=index [twitter-index/Ej3pro9aQvukLQrap1rFfg] already exists]]
	at org.springframework.beans.factory.support.AbstractAutowireCapableBeanFactory.initializeBean(AbstractAutowireCapableBeanFactory.java:1786)
	at org.springframework.beans.factory.support.AbstractAutowireCapableBeanFactory.doCreateBean(AbstractAutowireCapableBeanFactory.java:602)
	at org.springframework.beans.factory.support.AbstractAutowireCapableBeanFactory.createBean(AbstractAutowireCapableBeanFactory.java:524)
	at org.springframework.beans.factory.support.AbstractBeanFactory.lambda$doGetBean$0(AbstractBeanFactory.java:335)
	at org.springframework.beans.factory.support.DefaultSingletonBeanRegistry.getSingleton(DefaultSingletonBeanRegistry.java:234)
	at org.springframework.beans.factory.support.AbstractBeanFactory.doGetBean(AbstractBeanFactory.java:333)
	at org.springframework.beans.factory.support.AbstractBeanFactory.getBean(AbstractBeanFactory.java:208)
	at org.springframework.beans.factory.config.DependencyDescriptor.resolveCandidate(DependencyDescriptor.java:276)
	at org.springframework.beans.factory.support.DefaultListableBeanFactory.doResolveDependency(DefaultListableBeanFactory.java:1380)
	at org.springframework.beans.factory.support.DefaultListableBeanFactory.resolveDependency(DefaultListableBeanFactory.java:1300)
	at org.springframework.beans.factory.support.ConstructorResolver.resolveAutowiredArgument(ConstructorResolver.java:887)
	at org.springframework.beans.factory.support.ConstructorResolver.createArgumentArray(ConstructorResolver.java:791)
	... 55 common frames omitted
Caused by: org.springframework.beans.BeanInstantiationException: Failed to instantiate [org.springframework.data.elasticsearch.repository.support.SimpleElasticsearchRepository]: Constructor threw exception; nested exception is org.springframework.data.elasticsearch.UncategorizedElasticsearchException: Elasticsearch exception [type=resource_already_exists_exception, reason=index [twitter-index/Ej3pro9aQvukLQrap1rFfg] already exists]; nested exception is [twitter-index/Ej3pro9aQvukLQrap1rFfg] ElasticsearchStatusException[Elasticsearch exception [type=resource_already_exists_exception, reason=index [twitter-index/Ej3pro9aQvukLQrap1rFfg] already exists]]
	at org.springframework.beans.BeanUtils.instantiateClass(BeanUtils.java:225)
	at org.springframework.data.repository.core.support.RepositoryFactorySupport.lambda$getTargetRepositoryViaReflection$5(RepositoryFactorySupport.java:543)
	at java.base/java.util.Optional.map(Unknown Source)
	at org.springframework.data.repository.core.support.RepositoryFactorySupport.getTargetRepositoryViaReflection(RepositoryFactorySupport.java:543)
	at org.springframework.data.repository.core.support.RepositoryFactorySupport.getTargetRepositoryViaReflection(RepositoryFactorySupport.java:528)
	at org.springframework.data.elasticsearch.repository.support.ElasticsearchRepositoryFactory.getTargetRepository(ElasticsearchRepositoryFactory.java:74)
	at org.springframework.data.repository.core.support.RepositoryFactorySupport.getRepository(RepositoryFactorySupport.java:319)
	at org.springframework.data.repository.core.support.RepositoryFactoryBeanSupport.lambda$afterPropertiesSet$5(RepositoryFactoryBeanSupport.java:323)
	at org.springframework.data.util.Lazy.getNullable(Lazy.java:230)
	at org.springframework.data.util.Lazy.get(Lazy.java:114)
	at org.springframework.data.repository.core.support.RepositoryFactoryBeanSupport.afterPropertiesSet(RepositoryFactoryBeanSupport.java:329)
	at org.springframework.data.elasticsearch.repository.support.ElasticsearchRepositoryFactoryBean.afterPropertiesSet(ElasticsearchRepositoryFactoryBean.java:69)
	at org.springframework.beans.factory.support.AbstractAutowireCapableBeanFactory.invokeInitMethods(AbstractAutowireCapableBeanFactory.java:1845)
	at org.springframework.beans.factory.support.AbstractAutowireCapableBeanFactory.initializeBean(AbstractAutowireCapableBeanFactory.java:1782)
	... 66 common frames omitted
Caused by: org.springframework.data.elasticsearch.UncategorizedElasticsearchException: Elasticsearch exception [type=resource_already_exists_exception, reason=index [twitter-index/Ej3pro9aQvukLQrap1rFfg] already exists]; nested exception is [twitter-index/Ej3pro9aQvukLQrap1rFfg] ElasticsearchStatusException[Elasticsearch exception [type=resource_already_exists_exception, reason=index [twitter-index/Ej3pro9aQvukLQrap1rFfg] already exists]]
	at org.springframework.data.elasticsearch.core.ElasticsearchExceptionTranslator.translateExceptionIfPossible(ElasticsearchExceptionTranslator.java:66)
	at org.springframework.data.elasticsearch.core.ElasticsearchRestTemplate.translateException(ElasticsearchRestTemplate.java:402)
	at org.springframework.data.elasticsearch.core.ElasticsearchRestTemplate.execute(ElasticsearchRestTemplate.java:385)
	at org.springframework.data.elasticsearch.core.DefaultIndexOperations.doCreate(DefaultIndexOperations.java:87)
	at org.springframework.data.elasticsearch.core.AbstractDefaultIndexOperations.createWithMapping(AbstractDefaultIndexOperations.java:110)
	at org.springframework.data.elasticsearch.repository.support.SimpleElasticsearchRepository.<init>(SimpleElasticsearchRepository.java:94)
	at java.base/jdk.internal.reflect.NativeConstructorAccessorImpl.newInstance0(Native Method)
	at java.base/jdk.internal.reflect.NativeConstructorAccessorImpl.newInstance(Unknown Source)
	at java.base/jdk.internal.reflect.DelegatingConstructorAccessorImpl.newInstance(Unknown Source)
	at java.base/java.lang.reflect.Constructor.newInstance(Unknown Source)
	at org.springframework.beans.BeanUtils.instantiateClass(BeanUtils.java:212)
	... 79 common frames omitted
Caused by: org.elasticsearch.ElasticsearchStatusException: Elasticsearch exception [type=resource_already_exists_exception, reason=index [twitter-index/Ej3pro9aQvukLQrap1rFfg] already exists]
	at org.elasticsearch.rest.BytesRestResponse.errorFromXContent(BytesRestResponse.java:176)
	at org.elasticsearch.client.RestHighLevelClient.parseEntity(RestHighLevelClient.java:1933)
	at org.elasticsearch.client.RestHighLevelClient.parseResponseException(RestHighLevelClient.java:1910)
	at org.elasticsearch.client.RestHighLevelClient.internalPerformRequest(RestHighLevelClient.java:1667)
	at org.elasticsearch.client.RestHighLevelClient.performRequest(RestHighLevelClient.java:1639)
	at org.elasticsearch.client.RestHighLevelClient.performRequestAndParseEntity(RestHighLevelClient.java:1606)
	at org.elasticsearch.client.IndicesClient.create(IndicesClient.java:134)
	at org.springframework.data.elasticsearch.core.DefaultIndexOperations.lambda$doCreate$0(DefaultIndexOperations.java:87)
	at org.springframework.data.elasticsearch.core.ElasticsearchRestTemplate.execute(ElasticsearchRestTemplate.java:383)
	... 87 common frames omitted
	Suppressed: org.elasticsearch.client.ResponseException: method [PUT], host [http://elastic-1:9200], URI [/twitter-index?master_timeout=30s&timeout=30s], status line [HTTP/1.1 400 Bad Request]
Warnings: [Elasticsearch built-in security features are not enabled. Without authentication, your cluster could be accessible to anyone. See https://www.elastic.co/guide/en/elasticsearch/reference/7.13/security-minimal-setup.html to enable security.]
{"error":{"root_cause":[{"type":"resource_already_exists_exception","reason":"index [twitter-index/Ej3pro9aQvukLQrap1rFfg] already exists","index_uuid":"Ej3pro9aQvukLQrap1rFfg","index":"twitter-index"}],"type":"resource_already_exists_exception","reason":"index [twitter-index/Ej3pro9aQvukLQrap1rFfg] already exists","index_uuid":"Ej3pro9aQvukLQrap1rFfg","index":"twitter-index"},"status":400}
		at org.elasticsearch.client.RestClient.convertResponse(RestClient.java:326)
		at org.elasticsearch.client.RestClient.performRequest(RestClient.java:296)
		at org.elasticsearch.client.RestClient.performRequest(RestClient.java:270)
		at org.elasticsearch.client.RestHighLevelClient.internalPerformRequest(RestHighLevelClient.java:1654)
		... 92 common frames omitted
2022-11-30 23:58:45 [main] WARN  org.elasticsearch.client.RestClient - request [HEAD http://elastic-1:9200/twitter-index?ignore_throttled=false&ignore_unavailable=false&expand_wildcards=open%2Cclosed&allow_no_indices=false] returned 1 warnings: [299 Elasticsearch-7.13.2-4d960a0733be83dd2543ca018aa4ddc42e956800 "Elasticsearch built-in security features are not enabled. Without authentication, your cluster could be accessible to anyone. See https://www.elastic.co/guide/en/elasticsearch/reference/7.13/security-minimal-setup.html to enable security."]
2022-11-30 23:58:46 [main] INFO  o.s.s.web.DefaultSecurityFilterChain - Will secure any request with [org.springframework.security.web.context.request.async.WebAsyncManagerIntegrationFilter@13ebccd, org.springframework.security.web.context.SecurityContextPersistenceFilter@eb695e8, org.springframework.security.web.header.HeaderWriterFilter@19d76106, org.springframework.security.web.authentication.logout.LogoutFilter@1f12d5e0, org.springframework.security.web.authentication.www.BasicAuthenticationFilter@552ffa44, org.springframework.security.web.savedrequest.RequestCacheAwareFilter@45273d40, org.springframework.security.web.servletapi.SecurityContextHolderAwareRequestFilter@18ac25e6, org.springframework.security.web.authentication.AnonymousAuthenticationFilter@4e80960a, org.springframework.security.web.session.SessionManagementFilter@1b841e7d, org.springframework.security.web.access.ExceptionTranslationFilter@4d0b276e, org.springframework.security.web.access.intercept.FilterSecurityInterceptor@726ef6aa]
2022-11-30 23:58:48 [reactor-http-epoll-2] ERROR reactor.core.publisher.Operators - Operator called default onErrorDropped
reactor.core.Exceptions$ErrorCallbackNotImplemented: org.springframework.data.elasticsearch.client.NoReachableHostException: Host 'localhost:9200' not reachable. Cluster state is offline.
Caused by: org.springframework.data.elasticsearch.client.NoReachableHostException: Host 'localhost:9200' not reachable. Cluster state is offline.
	at org.springframework.data.elasticsearch.client.reactive.SingleNodeHostProvider.lambda$lookupActiveHost$3(SingleNodeHostProvider.java:101)
	at reactor.core.publisher.FluxHandle$HandleSubscriber.onNext(FluxHandle.java:102)
	at reactor.core.publisher.FluxMap$MapConditionalSubscriber.onNext(FluxMap.java:220)
	at reactor.core.publisher.FluxOnErrorResume$ResumeSubscriber.onNext(FluxOnErrorResume.java:79)
	at reactor.core.publisher.Operators$ScalarSubscription.request(Operators.java:2397)
	at reactor.core.publisher.Operators$MultiSubscriptionSubscriber.set(Operators.java:2193)
	at reactor.core.publisher.FluxOnErrorResume$ResumeSubscriber.onSubscribe(FluxOnErrorResume.java:74)
	at reactor.core.publisher.MonoJust.subscribe(MonoJust.java:54)
	at reactor.core.publisher.Mono.subscribe(Mono.java:4150)
	at reactor.core.publisher.FluxOnErrorResume$ResumeSubscriber.onError(FluxOnErrorResume.java:103)
	at reactor.core.publisher.MonoFlatMap$FlatMapMain.onError(MonoFlatMap.java:172)
	at reactor.core.publisher.Operators$MultiSubscriptionSubscriber.onError(Operators.java:2062)
	at reactor.core.publisher.FluxOnAssembly$OnAssemblySubscriber.onError(FluxOnAssembly.java:392)
	at reactor.core.publisher.MonoPeekTerminal$MonoTerminalPeekSubscriber.onError(MonoPeekTerminal.java:258)
	at reactor.core.publisher.FluxMap$MapConditionalSubscriber.onError(FluxMap.java:259)
	at reactor.core.publisher.FluxOnErrorResume$ResumeSubscriber.onError(FluxOnErrorResume.java:106)
	at reactor.core.publisher.Operators.error(Operators.java:197)
	at reactor.core.publisher.MonoErrorSupplied.subscribe(MonoErrorSupplied.java:71)
	at reactor.core.publisher.Mono.subscribe(Mono.java:4150)
	at reactor.core.publisher.FluxOnErrorResume$ResumeSubscriber.onError(FluxOnErrorResume.java:103)
	at reactor.core.publisher.FluxPeek$PeekSubscriber.onError(FluxPeek.java:221)
	at reactor.core.publisher.FluxPeek$PeekSubscriber.onError(FluxPeek.java:221)
	at reactor.core.publisher.FluxPeek$PeekSubscriber.onError(FluxPeek.java:221)
	at reactor.core.publisher.MonoNext$NextSubscriber.onError(MonoNext.java:93)
	at reactor.core.publisher.MonoFlatMapMany$FlatMapManyMain.onError(MonoFlatMapMany.java:204)
	at reactor.core.publisher.SerializedSubscriber.onError(SerializedSubscriber.java:124)
	at reactor.core.publisher.FluxRetryWhen$RetryWhenMainSubscriber.whenError(FluxRetryWhen.java:224)
	at reactor.core.publisher.FluxRetryWhen$RetryWhenOtherSubscriber.onError(FluxRetryWhen.java:273)
	at reactor.core.publisher.FluxConcatMap$ConcatMapImmediate.drain(FluxConcatMap.java:413)
	at reactor.core.publisher.FluxConcatMap$ConcatMapImmediate.onNext(FluxConcatMap.java:250)
	at reactor.core.publisher.EmitterProcessor.drain(EmitterProcessor.java:491)
	at reactor.core.publisher.EmitterProcessor.tryEmitNext(EmitterProcessor.java:299)
	at reactor.core.publisher.SinkManySerialized.tryEmitNext(SinkManySerialized.java:97)
	at reactor.core.publisher.InternalManySink.emitNext(InternalManySink.java:27)
	at reactor.core.publisher.FluxRetryWhen$RetryWhenMainSubscriber.onError(FluxRetryWhen.java:189)
	at reactor.core.publisher.MonoCreate$DefaultMonoSink.error(MonoCreate.java:189)
	at reactor.netty.http.client.HttpClientConnect$MonoHttpConnect$ClientTransportSubscriber.onError(HttpClientConnect.java:305)
	at reactor.core.publisher.MonoCreate$DefaultMonoSink.error(MonoCreate.java:189)
	at reactor.netty.resources.DefaultPooledConnectionProvider$DisposableAcquire.onError(DefaultPooledConnectionProvider.java:173)
	at reactor.netty.internal.shaded.reactor.pool.AbstractPool$Borrower.fail(AbstractPool.java:444)
	at reactor.netty.internal.shaded.reactor.pool.SimpleDequePool.lambda$drainLoop$9(SimpleDequePool.java:399)
	at reactor.core.publisher.FluxDoOnEach$DoOnEachSubscriber.onError(FluxDoOnEach.java:186)
	at reactor.core.publisher.MonoCreate$DefaultMonoSink.error(MonoCreate.java:189)
	at reactor.netty.resources.DefaultPooledConnectionProvider$PooledConnectionAllocator$PooledConnectionInitializer.onError(DefaultPooledConnectionProvider.java:555)
	at reactor.core.publisher.MonoFlatMap$FlatMapMain.secondError(MonoFlatMap.java:192)
	at reactor.core.publisher.MonoFlatMap$FlatMapInner.onError(MonoFlatMap.java:259)
	at reactor.core.publisher.FluxOnErrorResume$ResumeSubscriber.onError(FluxOnErrorResume.java:106)
	at reactor.core.publisher.Operators.error(Operators.java:197)
	at reactor.core.publisher.MonoError.subscribe(MonoError.java:52)
	at reactor.core.publisher.Mono.subscribe(Mono.java:4150)
	at reactor.core.publisher.FluxOnErrorResume$ResumeSubscriber.onError(FluxOnErrorResume.java:103)
	at reactor.netty.transport.TransportConnector$MonoChannelPromise.tryFailure(TransportConnector.java:517)
	at reactor.netty.transport.TransportConnector$MonoChannelPromise.setFailure(TransportConnector.java:471)
	at reactor.netty.transport.TransportConnector.lambda$doConnect$7(TransportConnector.java:206)
	at io.netty.util.concurrent.DefaultPromise.notifyListener0(DefaultPromise.java:578)
	at io.netty.util.concurrent.DefaultPromise.notifyListeners0(DefaultPromise.java:571)
	at io.netty.util.concurrent.DefaultPromise.notifyListenersNow(DefaultPromise.java:550)
	at io.netty.util.concurrent.DefaultPromise.notifyListeners(DefaultPromise.java:491)
	at io.netty.util.concurrent.DefaultPromise.setValue0(DefaultPromise.java:616)
	at io.netty.util.concurrent.DefaultPromise.setFailure0(DefaultPromise.java:609)
	at io.netty.util.concurrent.DefaultPromise.tryFailure(DefaultPromise.java:117)
	at io.netty.channel.epoll.AbstractEpollChannel$AbstractEpollUnsafe.fulfillConnectPromise(AbstractEpollChannel.java:674)
	at io.netty.channel.epoll.AbstractEpollChannel$AbstractEpollUnsafe.finishConnect(AbstractEpollChannel.java:693)
	at io.netty.channel.epoll.AbstractEpollChannel$AbstractEpollUnsafe.epollOutReady(AbstractEpollChannel.java:567)
	at io.netty.channel.epoll.EpollEventLoop.processReady(EpollEventLoop.java:470)
	at io.netty.channel.epoll.EpollEventLoop.run(EpollEventLoop.java:378)
	at io.netty.util.concurrent.SingleThreadEventExecutor$4.run(SingleThreadEventExecutor.java:989)
	at io.netty.util.internal.ThreadExecutorMap$2.run(ThreadExecutorMap.java:74)
	at io.netty.util.concurrent.FastThreadLocalRunnable.run(FastThreadLocalRunnable.java:30)
	at java.base/java.lang.Thread.run(Unknown Source)
2022-11-30 23:58:48 [main] INFO  o.a.coyote.http11.Http11NioProtocol - Starting ProtocolHandler ["http-nio-8183"]
2022-11-30 23:58:48 [main] INFO  o.s.b.w.e.tomcat.TomcatWebServer - Tomcat started on port(s): 8183 (http) with context path '/elastic-query-service'
2022-11-30 23:58:48 [main] INFO  c.t.e.e.q.ElasticQueryServiceApplication - Started ElasticQueryServiceApplication in 26.946 seconds (JVM running for 31.686)
2022-11-30 23:58:48 [main] INFO  o.s.b.a.ApplicationAvailabilityBean - Application availability state LivenessState changed to CORRECT
2022-11-30 23:58:48 [main] INFO  o.s.b.a.ApplicationAvailabilityBean - Application availability state ReadinessState changed to ACCEPTING_TRAFFIC
